C:\USERS\USER\DOCUMENTS\VISUAL STUDIO 2010\PROJECTS\EFTSWITCHSIM\EFTSWITCHSIM\X64\DEBUG\BINGENERATOR.OBJ
C:\USERS\USER\DOCUMENTS\VISUAL STUDIO 2010\PROJECTS\EFTSWITCHSIM\EFTSWITCHSIM\X64\DEBUG\BUTTONS.OBJ
C:\Users\USER\Documents\Visual Studio 2010\Projects\EFTSwitchSim\EFTSwitchSim\x64\Debug\cl.command.1.tlog
C:\Users\USER\Documents\Visual Studio 2010\Projects\EFTSwitchSim\EFTSwitchSim\x64\Debug\CL.read.1.tlog
C:\Users\USER\Documents\Visual Studio 2010\Projects\EFTSwitchSim\EFTSwitchSim\x64\Debug\CL.write.1.tlog
C:\USERS\USER\DOCUMENTS\VISUAL STUDIO 2010\PROJECTS\EFTSWITCHSIM\EFTSWITCHSIM\X64\DEBUG\CONTROL.OBJ
C:\USERS\USER\DOCUMENTS\VISUAL STUDIO 2010\PROJECTS\EFTSWITCHSIM\EFTSWITCHSIM\X64\DEBUG\CONTROLFIELD.OBJ
C:\USERS\USER\DOCUMENTS\VISUAL STUDIO 2010\PROJECTS\EFTSWITCHSIM\EFTSWITCHSIM\X64\DEBUG\EFTSWITCHSIM.EXE.INTERMEDIATE.MANIFEST
C:\USERS\USER\DOCUMENTS\VISUAL STUDIO 2010\PROJECTS\EFTSWITCHSIM\EFTSWITCHSIM\X64\DEBUG\EFTSWITCHSIM.RES
C:\USERS\USER\DOCUMENTS\VISUAL STUDIO 2010\PROJECTS\EFTSWITCHSIM\EFTSWITCHSIM\X64\DEBUG\ENGINE.OBJ
C:\USERS\USER\DOCUMENTS\VISUAL STUDIO 2010\PROJECTS\EFTSWITCHSIM\EFTSWITCHSIM\X64\DEBUG\FILTER.OBJ
C:\USERS\USER\DOCUMENTS\VISUAL STUDIO 2010\PROJECTS\EFTSWITCHSIM\EFTSWITCHSIM\X64\DEBUG\FUZZYLANGUAGEPARSER.OBJ
C:\USERS\USER\DOCUMENTS\VISUAL STUDIO 2010\PROJECTS\EFTSWITCHSIM\EFTSWITCHSIM\X64\DEBUG\FUZZYLOGIC.OBJ
C:\USERS\USER\DOCUMENTS\VISUAL STUDIO 2010\PROJECTS\EFTSWITCHSIM\EFTSWITCHSIM\X64\DEBUG\GENERATOR.OBJ
C:\USERS\USER\DOCUMENTS\VISUAL STUDIO 2010\PROJECTS\EFTSWITCHSIM\EFTSWITCHSIM\X64\DEBUG\GENERATORMANAGER.OBJ
C:\USERS\USER\DOCUMENTS\VISUAL STUDIO 2010\PROJECTS\EFTSWITCHSIM\EFTSWITCHSIM\X64\DEBUG\HANDLER.OBJ
C:\Users\USER\Documents\Visual Studio 2010\Projects\EFTSwitchSim\EFTSwitchSim\x64\Debug\link.command.1.tlog
C:\Users\USER\Documents\Visual Studio 2010\Projects\EFTSwitchSim\EFTSwitchSim\x64\Debug\link.read.1.tlog
C:\Users\USER\Documents\Visual Studio 2010\Projects\EFTSwitchSim\EFTSwitchSim\x64\Debug\link.write.1.tlog
C:\Users\USER\Documents\Visual Studio 2010\Projects\EFTSwitchSim\EFTSwitchSim\x64\Debug\link-cvtres.read.1.tlog
C:\Users\USER\Documents\Visual Studio 2010\Projects\EFTSwitchSim\EFTSwitchSim\x64\Debug\link-cvtres.write.1.tlog
C:\USERS\USER\DOCUMENTS\VISUAL STUDIO 2010\PROJECTS\EFTSWITCHSIM\EFTSWITCHSIM\X64\DEBUG\LOGGER.OBJ
C:\USERS\USER\DOCUMENTS\VISUAL STUDIO 2010\PROJECTS\EFTSWITCHSIM\EFTSWITCHSIM\X64\DEBUG\MAIN.OBJ
C:\USERS\USER\DOCUMENTS\VISUAL STUDIO 2010\PROJECTS\EFTSWITCHSIM\EFTSWITCHSIM\X64\DEBUG\MAINSCREEN.OBJ
C:\Users\USER\Documents\Visual Studio 2010\Projects\EFTSwitchSim\EFTSwitchSim\x64\Debug\mt.command.1.tlog
C:\Users\USER\Documents\Visual Studio 2010\Projects\EFTSwitchSim\EFTSwitchSim\x64\Debug\mt.read.1.tlog
C:\Users\USER\Documents\Visual Studio 2010\Projects\EFTSwitchSim\EFTSwitchSim\x64\Debug\mt.write.1.tlog
C:\USERS\USER\DOCUMENTS\VISUAL STUDIO 2010\PROJECTS\EFTSWITCHSIM\EFTSWITCHSIM\X64\DEBUG\MYAPP.OBJ
C:\USERS\USER\DOCUMENTS\VISUAL STUDIO 2010\PROJECTS\EFTSWITCHSIM\EFTSWITCHSIM\X64\DEBUG\NODE.OBJ
C:\USERS\USER\DOCUMENTS\VISUAL STUDIO 2010\PROJECTS\EFTSWITCHSIM\EFTSWITCHSIM\X64\DEBUG\OBSERVER.OBJ
C:\USERS\USER\DOCUMENTS\VISUAL STUDIO 2010\PROJECTS\EFTSWITCHSIM\EFTSWITCHSIM\X64\DEBUG\PETRINET.OBJ
C:\USERS\USER\DOCUMENTS\VISUAL STUDIO 2010\PROJECTS\EFTSWITCHSIM\EFTSWITCHSIM\X64\DEBUG\PETRINETMANAGER.OBJ
C:\USERS\USER\DOCUMENTS\VISUAL STUDIO 2010\PROJECTS\EFTSWITCHSIM\EFTSWITCHSIM\X64\DEBUG\PLACE.OBJ
C:\USERS\USER\DOCUMENTS\VISUAL STUDIO 2010\PROJECTS\EFTSWITCHSIM\EFTSWITCHSIM\X64\DEBUG\PNFACTORY.OBJ
C:\Users\USER\Documents\Visual Studio 2010\Projects\EFTSwitchSim\EFTSwitchSim\x64\Debug\rc.command.1.tlog
C:\Users\USER\Documents\Visual Studio 2010\Projects\EFTSwitchSim\EFTSwitchSim\x64\Debug\rc.read.1.tlog
C:\Users\USER\Documents\Visual Studio 2010\Projects\EFTSwitchSim\EFTSwitchSim\x64\Debug\rc.write.1.tlog
C:\USERS\USER\DOCUMENTS\VISUAL STUDIO 2010\PROJECTS\EFTSWITCHSIM\EFTSWITCHSIM\X64\DEBUG\REPORT.OBJ
C:\USERS\USER\DOCUMENTS\VISUAL STUDIO 2010\PROJECTS\EFTSWITCHSIM\EFTSWITCHSIM\X64\DEBUG\REPORTFIELD.OBJ
C:\USERS\USER\DOCUMENTS\VISUAL STUDIO 2010\PROJECTS\EFTSWITCHSIM\EFTSWITCHSIM\X64\DEBUG\SIMTIME.OBJ
C:\USERS\USER\DOCUMENTS\VISUAL STUDIO 2010\PROJECTS\EFTSWITCHSIM\EFTSWITCHSIM\X64\DEBUG\SIMULATION.OBJ
C:\USERS\USER\DOCUMENTS\VISUAL STUDIO 2010\PROJECTS\EFTSWITCHSIM\EFTSWITCHSIM\X64\DEBUG\SIMULATIONMANAGER.OBJ
C:\USERS\USER\DOCUMENTS\VISUAL STUDIO 2010\PROJECTS\EFTSWITCHSIM\EFTSWITCHSIM\X64\DEBUG\SIMULATIONOUTPUT.OBJ
C:\USERS\USER\DOCUMENTS\VISUAL STUDIO 2010\PROJECTS\EFTSWITCHSIM\EFTSWITCHSIM\X64\DEBUG\SINGLETON.OBJ
C:\USERS\USER\DOCUMENTS\VISUAL STUDIO 2010\PROJECTS\EFTSWITCHSIM\EFTSWITCHSIM\X64\DEBUG\STATISTICS.OBJ
C:\USERS\USER\DOCUMENTS\VISUAL STUDIO 2010\PROJECTS\EFTSWITCHSIM\EFTSWITCHSIM\X64\DEBUG\STDAFX.OBJ
C:\USERS\USER\DOCUMENTS\VISUAL STUDIO 2010\PROJECTS\EFTSWITCHSIM\EFTSWITCHSIM\X64\DEBUG\STOPWATCH.OBJ
C:\USERS\USER\DOCUMENTS\VISUAL STUDIO 2010\PROJECTS\EFTSWITCHSIM\EFTSWITCHSIM\X64\DEBUG\THREAD.OBJ
C:\USERS\USER\DOCUMENTS\VISUAL STUDIO 2010\PROJECTS\EFTSWITCHSIM\EFTSWITCHSIM\X64\DEBUG\TIMES.OBJ
C:\USERS\USER\DOCUMENTS\VISUAL STUDIO 2010\PROJECTS\EFTSWITCHSIM\EFTSWITCHSIM\X64\DEBUG\TOKEN.OBJ
C:\USERS\USER\DOCUMENTS\VISUAL STUDIO 2010\PROJECTS\EFTSWITCHSIM\EFTSWITCHSIM\X64\DEBUG\TRANSITION.OBJ
C:\Users\USER\Documents\Visual Studio 2010\Projects\EFTSwitchSim\EFTSwitchSim\x64\Debug\vc100.idb
C:\USERS\USER\DOCUMENTS\VISUAL STUDIO 2010\PROJECTS\EFTSWITCHSIM\EFTSWITCHSIM\X64\DEBUG\VC100.PDB
C:\USERS\USER\DOCUMENTS\VISUAL STUDIO 2010\PROJECTS\EFTSWITCHSIM\X64\DEBUG\EFTSWITCHSIM.EXE
C:\USERS\USER\DOCUMENTS\VISUAL STUDIO 2010\PROJECTS\EFTSWITCHSIM\X64\DEBUG\EFTSWITCHSIM.ILK
C:\USERS\USER\DOCUMENTS\VISUAL STUDIO 2010\PROJECTS\EFTSWITCHSIM\X64\DEBUG\EFTSWITCHSIM.PDB
